Using pre-set license
Built from '2022.3/release' branch; Version is '2022.3.20f1 (61c2feb0970d) revision 6406910'; Using compiler version '192829333'; Build Type 'Release'
OS: 'Windows 11  (10.0.22631) 64bit Professional' Language: 'it' Physical Memory: 8005 MB
BatchMode: 1, IsHumanControllingUs: 0, StartBugReporterOnCrash: 0, Is64bit: 1, IsPro: 1

COMMAND LINE ARGUMENTS:
C:\Program Files\Unity\Hub\Editor\2022.3.20f1\Editor\Unity.exe
-adb2
-batchMode
-noUpm
-name
AssetImportWorker0
-projectPath
C:/Users/mario/escapeFromMars
-logFile
Logs/AssetImportWorker0.log
-srvPort
65360
Successfully changed project path to: C:/Users/mario/escapeFromMars
C:/Users/mario/escapeFromMars
[UnityMemory] Configuration Parameters - Can be set up in boot.config
    "memorysetup-bucket-allocator-granularity=16"
    "memorysetup-bucket-allocator-bucket-count=8"
    "memorysetup-bucket-allocator-block-size=33554432"
    "memorysetup-bucket-allocator-block-count=8"
    "memorysetup-main-allocator-block-size=16777216"
    "memorysetup-thread-allocator-block-size=16777216"
    "memorysetup-gfx-main-allocator-block-size=16777216"
    "memorysetup-gfx-thread-allocator-block-size=16777216"
    "memorysetup-cache-allocator-block-size=4194304"
    "memorysetup-typetree-allocator-block-size=2097152"
    "memorysetup-profiler-bucket-allocator-granularity=16"
    "memorysetup-profiler-bucket-allocator-bucket-count=8"
    "memorysetup-profiler-bucket-allocator-block-size=33554432"
    "memorysetup-profiler-bucket-allocator-block-count=8"
    "memorysetup-profiler-allocator-block-size=16777216"
    "memorysetup-profiler-editor-allocator-block-size=1048576"
    "memorysetup-temp-allocator-size-main=16777216"
    "memorysetup-job-temp-allocator-block-size=2097152"
    "memorysetup-job-temp-allocator-block-size-background=1048576"
    "memorysetup-job-temp-allocator-reduction-small-platforms=262144"
    "memorysetup-allocator-temp-initial-block-size-main=262144"
    "memorysetup-allocator-temp-initial-block-size-worker=262144"
    "memorysetup-temp-allocator-size-background-worker=32768"
    "memorysetup-temp-allocator-size-job-worker=262144"
    "memorysetup-temp-allocator-size-preload-manager=33554432"
    "memorysetup-temp-allocator-size-nav-mesh-worker=65536"
    "memorysetup-temp-allocator-size-audio-worker=65536"
    "memorysetup-temp-allocator-size-cloud-worker=32768"
    "memorysetup-temp-allocator-size-gi-baking-worker=262144"
    "memorysetup-temp-allocator-size-gfx=262144"
Player connection [20880] Host "[IP] 192.168.1.15 [Port] 0 [Flags] 2 [Guid] 1754234860 [EditorId] 1754234860 [Version] 1048832 [Id] WindowsEditor(7,desktop) [Debug] 1 [PackageName] WindowsEditor [ProjectName] Editor" joined multi-casting on [225.0.0.222:54997]...

Player connection [20880] Host "[IP] 192.168.1.15 [Port] 0 [Flags] 2 [Guid] 1754234860 [EditorId] 1754234860 [Version] 1048832 [Id] WindowsEditor(7,desktop) [Debug] 1 [PackageName] WindowsEditor [ProjectName] Editor" joined alternative multi-casting on [225.0.0.222:34997]...

[Physics::Module] Initialized MultithreadedJobDispatcher with 7 workers.
Refreshing native plugins compatible for Editor in 38.80 ms, found 3 plugins.
Preloading 0 native plugins for Editor in 0.00 ms.
Initialize engine version: 2022.3.20f1 (61c2feb0970d)
[Subsystems] Discovering subsystems at path C:/Program Files/Unity/Hub/Editor/2022.3.20f1/Editor/Data/Resources/UnitySubsystems
[Subsystems] Discovering subsystems at path C:/Users/mario/escapeFromMars/Assets
GfxDevice: creating device client; threaded=0; jobified=0
Direct3D:
    Version:  Direct3D 11.0 [level 11.1]
    Renderer: Intel(R) UHD Graphics 630 (ID=0x9bc8)
    Vendor:   Intel
    VRAM:     4002 MB
    Driver:   30.0.100.9805
Initialize mono
Mono path[0] = 'C:/Program Files/Unity/Hub/Editor/2022.3.20f1/Editor/Data/Managed'
Mono path[1] = 'C:/Program Files/Unity/Hub/Editor/2022.3.20f1/Editor/Data/MonoBleedingEdge/lib/mono/unityjit-win32'
Mono config path = 'C:/Program Files/Unity/Hub/Editor/2022.3.20f1/Editor/Data/MonoBleedingEdge/etc'
Using monoOptions --debugger-agent=transport=dt_socket,embedding=1,server=y,suspend=n,address=127.0.0.1:56400
Begin MonoManager ReloadAssembly
Registering precompiled unity dll's ...
Register platform support module: C:/Program Files/Unity/Hub/Editor/2022.3.20f1/Editor/Data/PlaybackEngines/WebGLSupport/UnityEditor.WebGL.Extensions.dll
Register platform support module: C:/Program Files/Unity/Hub/Editor/2022.3.20f1/Editor/Data/PlaybackEngines/AndroidPlayer/UnityEditor.Android.Extensions.dll
Register platform support module: C:/Program Files/Unity/Hub/Editor/2022.3.20f1/Editor/Data/PlaybackEngines/iOSSupport/UnityEditor.iOS.Extensions.dll
Register platform support module: C:/Program Files/Unity/Hub/Editor/2022.3.20f1/Editor/Data/PlaybackEngines/WindowsStandaloneSupport/UnityEditor.WindowsStandalone.Extensions.dll
Register platform support module: C:/Program Files/Unity/Hub/Editor/2022.3.20f1/Editor/Data/PlaybackEngines/MetroSupport/UnityEditor.UWP.Extensions.dll
Registered in 0.016700 seconds.
- Loaded All Assemblies, in  0.566 seconds
Native extension for UWP target not found
Native extension for WindowsStandalone target not found
[usbmuxd] Start listen thread
[usbmuxd] Listen thread started
Native extension for iOS target not found
Native extension for Android target not found
Android Extension - Scanning For ADB Devices 329 ms
Native extension for WebGL target not found
Mono: successfully reloaded assembly
- Finished resetting the current domain, in  1.026 seconds
Domain Reload Profiling: 1589ms
	BeginReloadAssembly (192ms)
		ExecutionOrderSort (0ms)
		DisableScriptedObjects (0ms)
		BackupInstance (0ms)
		ReleaseScriptingObjects (0ms)
		CreateAndSetChildDomain (1ms)
	RebuildCommonClasses (39ms)
	RebuildNativeTypeToScriptingClass (12ms)
	initialDomainReloadingComplete (78ms)
	LoadAllAssembliesAndSetupDomain (241ms)
		LoadAssemblies (189ms)
		RebuildTransferFunctionScriptingTraits (0ms)
		AnalyzeDomain (237ms)
			TypeCache.Refresh (235ms)
				TypeCache.ScanAssembly (211ms)
			ScanForSourceGeneratedMonoScriptInfo (1ms)
			ResolveRequiredComponents (1ms)
	FinalizeReload (1026ms)
		ReleaseScriptCaches (0ms)
		RebuildScriptCaches (0ms)
		SetupLoadedEditorAssemblies (920ms)
			LogAssemblyErrors (0ms)
			InitializePlatformSupportModulesInManaged (647ms)
			SetLoadedEditorAssemblies (5ms)
			RefreshPlugins (0ms)
			BeforeProcessingInitializeOnLoad (4ms)
			ProcessInitializeOnLoadAttributes (189ms)
			ProcessInitializeOnLoadMethodAttributes (75ms)
			AfterProcessingInitializeOnLoad (0ms)
			EditorAssembliesLoaded (0ms)
		ExecutionOrderSort2 (0ms)
		AwakeInstancesAfterBackupRestoration (0ms)
========================================================================
Worker process is ready to serve import requests
Begin MonoManager ReloadAssembly
- Loaded All Assemblies, in  1.062 seconds
Refreshing native plugins compatible for Editor in 4.89 ms, found 3 plugins.
Native extension for UWP target not found
Native extension for WindowsStandalone target not found
Native extension for iOS target not found
Native extension for Android target not found
Native extension for WebGL target not found
Package Manager log level set to [2]
[Package Manager] Server::EnsureServerProcessIsRunning -- launch failed, reason: Unity was launched with the -noUpm command-line argument
[Package Manager] UpmClient::Send -- Unable to send message (not connected to UPM process).
[Package Manager] Cannot connect to Unity Package Manager local server
Mono: successfully reloaded assembly
- Finished resetting the current domain, in  0.858 seconds
Domain Reload Profiling: 1917ms
	BeginReloadAssembly (243ms)
		ExecutionOrderSort (0ms)
		DisableScriptedObjects (6ms)
		BackupInstance (0ms)
		ReleaseScriptingObjects (0ms)
		CreateAndSetChildDomain (31ms)
	RebuildCommonClasses (53ms)
	RebuildNativeTypeToScriptingClass (18ms)
	initialDomainReloadingComplete (62ms)
	LoadAllAssembliesAndSetupDomain (683ms)
		LoadAssemblies (565ms)
		RebuildTransferFunctionScriptingTraits (0ms)
		AnalyzeDomain (271ms)
			TypeCache.Refresh (231ms)
				TypeCache.ScanAssembly (203ms)
			ScanForSourceGeneratedMonoScriptInfo (31ms)
			ResolveRequiredComponents (8ms)
	FinalizeReload (858ms)
		ReleaseScriptCaches (0ms)
		RebuildScriptCaches (0ms)
		SetupLoadedEditorAssemblies (620ms)
			LogAssemblyErrors (0ms)
			InitializePlatformSupportModulesInManaged (51ms)
			SetLoadedEditorAssemblies (3ms)
			RefreshPlugins (0ms)
			BeforeProcessingInitializeOnLoad (87ms)
			ProcessInitializeOnLoadAttributes (447ms)
			ProcessInitializeOnLoadMethodAttributes (22ms)
			AfterProcessingInitializeOnLoad (9ms)
			EditorAssembliesLoaded (0ms)
		ExecutionOrderSort2 (0ms)
		AwakeInstancesAfterBackupRestoration (7ms)
Launched and connected shader compiler UnityShaderCompiler.exe after 0.06 seconds
Refreshing native plugins compatible for Editor in 7.28 ms, found 3 plugins.
Preloading 0 native plugins for Editor in 0.00 ms.
Unloading 3094 Unused Serialized files (Serialized files now loaded: 0)
Unloading 32 unused Assets / (57.0 KB). Loaded Objects now: 3560.
Memory consumption went from 128.1 MB to 128.1 MB.
Total: 6.430900 ms (FindLiveObjects: 0.664900 ms CreateObjectMapping: 0.524900 ms MarkObjects: 4.904800 ms  DeleteObjects: 0.334900 ms)

AssetImportParameters requested are different than current active one (requested -> active):
  custom:container-demuxer-ogg: 62fdf1f143b41e24485cea50d1cbac27 -> 
  custom:video-decoder-ogg-theora: a1e56fd34408186e4bbccfd4996cb3dc -> 
  custom:framework-win-MediaFoundation: 216162199b28c13a410421893ffa2e32 -> 
  custom:CustomObjectIndexerAttribute: 6d391050e5a25f67b0a2c618074f2cd9 -> 
  custom:container-demuxer-webm: 4f35f7cbe854078d1ac9338744f61a02 -> 
  custom:container-muxer-webm: aa71ff27fc2769a1b78a27578f13a17b -> 
  custom:video-decoder-webm-vp8: 9c59270c3fd7afecdb556c50c9e8de78 -> 
  custom:SearchIndexIgnoredProperties: e643bd26f0fe6173181afceb89e7c659 -> 
  custom:AudioImporter_EditorPlatform: d09bf68614088b80899f8185d706f6e7 -> 
  custom:video-encoder-webm-vp8: eb34c28f22e8b96e1ab97ce403110664 -> 
  custom:audio-decoder-ogg-vorbis: bf7c407c2cedff20999df2af8eb42d56 -> 
  custom:audio-encoder-webm-vorbis: bf7c407c2cedff20999df2af8eb42d56 -> 
========================================================================
Received Import Request.
  Time since last request: 139393.810937 seconds.
  path: Assets/LowPoly Environment Pack/Prefabs/Grass_1.prefab
  artifactKey: Guid(b2199aadf1bb8c4449f3edfc84a39f78) Importer(2089858483,0ecaa5967403d082aa24f35e1b516d23)
Start importing Assets/LowPoly Environment Pack/Prefabs/Grass_1.prefab using Guid(b2199aadf1bb8c4449f3edfc84a39f78) Importer(2089858483,0ecaa5967403d082aa24f35e1b516d23) Generated GUIDs only implemented for interfaces!
 -> (artifact id: '6025f8cd417d94918b234327d052d0f9') in 0.699929 seconds
Number of updated asset objects reloaded before import = 0
Number of asset objects unloaded after import = 7
========================================================================
Received Import Request.
  Time since last request: 0.000143 seconds.
  path: Assets/Graphics/textures/Ch44_1002_Normal.png
  artifactKey: Guid(a9427a861e70e9b498ca410d89566cfc) Importer(2089858483,0ecaa5967403d082aa24f35e1b516d23)
Start importing Assets/Graphics/textures/Ch44_1002_Normal.png using Guid(a9427a861e70e9b498ca410d89566cfc) Importer(2089858483,0ecaa5967403d082aa24f35e1b516d23) Generated GUIDs only implemented for interfaces!
 -> (artifact id: '36faa8feae4e0833d4178061cbf0b4e1') in 0.422180 seconds
Number of updated asset objects reloaded before import = 0
Number of asset objects unloaded after import = 1
========================================================================
Received Import Request.
  Time since last request: 0.000031 seconds.
  path: Assets/LowPoly Environment Pack/Prefabs/Tree_3.prefab
  artifactKey: Guid(fa6105287f77b1240a0017f7d23434c2) Importer(2089858483,0ecaa5967403d082aa24f35e1b516d23)
Start importing Assets/LowPoly Environment Pack/Prefabs/Tree_3.prefab using Guid(fa6105287f77b1240a0017f7d23434c2) Importer(2089858483,0ecaa5967403d082aa24f35e1b516d23) Generated GUIDs only implemented for interfaces!
 -> (artifact id: '63b3c4272834649d40ce37bbba9bd3e3') in 0.040186 seconds
Number of updated asset objects reloaded before import = 0
Number of asset objects unloaded after import = 41
========================================================================
Received Import Request.
  Time since last request: 0.000096 seconds.
  path: Assets/LowPoly Environment Pack/Prefabs/Bush_1.prefab
  artifactKey: Guid(d82a0024cf3346b4695544dd461fb02b) Importer(2089858483,0ecaa5967403d082aa24f35e1b516d23)
Start importing Assets/LowPoly Environment Pack/Prefabs/Bush_1.prefab using Guid(d82a0024cf3346b4695544dd461fb02b) Importer(2089858483,0ecaa5967403d082aa24f35e1b516d23) Generated GUIDs only implemented for interfaces!
 -> (artifact id: '0af71a4b8e02cad07dd48f1a8358de9f') in 0.086297 seconds
Number of updated asset objects reloaded before import = 0
Number of asset objects unloaded after import = 7
========================================================================
Received Import Request.
  Time since last request: 0.000034 seconds.
  path: Assets/LowPoly Environment Pack/FBX/Rock_2.fbx
  artifactKey: Guid(dfed2e9fb3d8ac84da441095f9422543) Importer(2089858483,0ecaa5967403d082aa24f35e1b516d23)
Start importing Assets/LowPoly Environment Pack/FBX/Rock_2.fbx using Guid(dfed2e9fb3d8ac84da441095f9422543) Importer(2089858483,0ecaa5967403d082aa24f35e1b516d23) Generated GUIDs only implemented for interfaces!
 -> (artifact id: 'f782ca3cca1f5dba1e3eb74072f59142') in 0.143142 seconds
Number of updated asset objects reloaded before import = 0
Number of asset objects unloaded after import = 7
========================================================================
Received Import Request.
  Time since last request: 0.000197 seconds.
  path: Assets/LowPoly Environment Pack/FBX/Plant_5.fbx
  artifactKey: Guid(c9ce8f855ca8c98449df4090174b5cd0) Importer(2089858483,0ecaa5967403d082aa24f35e1b516d23)
Start importing Assets/LowPoly Environment Pack/FBX/Plant_5.fbx using Guid(c9ce8f855ca8c98449df4090174b5cd0) Importer(2089858483,0ecaa5967403d082aa24f35e1b516d23) Generated GUIDs only implemented for interfaces!
 -> (artifact id: '290bba1b9c0a1f9b4d76bfb3bee83769') in 0.049014 seconds
Number of updated asset objects reloaded before import = 0
Number of asset objects unloaded after import = 7
========================================================================
Received Import Request.
  Time since last request: 0.000073 seconds.
  path: Assets/LowPoly Environment Pack/FBX/Rock_4.fbx
  artifactKey: Guid(b58e7fdfb89fbc549b36a69243aee4c0) Importer(2089858483,0ecaa5967403d082aa24f35e1b516d23)
Start importing Assets/LowPoly Environment Pack/FBX/Rock_4.fbx using Guid(b58e7fdfb89fbc549b36a69243aee4c0) Importer(2089858483,0ecaa5967403d082aa24f35e1b516d23) Generated GUIDs only implemented for interfaces!
 -> (artifact id: '62054b9e08cb677502b09f7af5b7165a') in 0.053589 seconds
Number of updated asset objects reloaded before import = 0
Number of asset objects unloaded after import = 7
========================================================================
Received Import Request.
  Time since last request: 0.000028 seconds.
  path: Assets/Audio/Music/DesertBGM.mp3
  artifactKey: Guid(49d2f531588cd0d48a6c1f5cb572c4c1) Importer(2089858483,0ecaa5967403d082aa24f35e1b516d23)
Start importing Assets/Audio/Music/DesertBGM.mp3 using Guid(49d2f531588cd0d48a6c1f5cb572c4c1) Importer(2089858483,0ecaa5967403d082aa24f35e1b516d23) Generated GUIDs only implemented for interfaces!
 -> (artifact id: 'a6bfed95fb524afddebdbeea4d40ef99') in 0.152955 seconds
Number of updated asset objects reloaded before import = 0
Number of asset objects unloaded after import = 1
========================================================================
Received Import Request.
  Time since last request: 0.000024 seconds.
  path: Assets/RPG Monster DUO PBR Polyart/Materials/PolyartDefault.mat
  artifactKey: Guid(f5f7d4d2b3764ec4aa59441ec6c2697b) Importer(2089858483,0ecaa5967403d082aa24f35e1b516d23)
Start importing Assets/RPG Monster DUO PBR Polyart/Materials/PolyartDefault.mat using Guid(f5f7d4d2b3764ec4aa59441ec6c2697b) Importer(2089858483,0ecaa5967403d082aa24f35e1b516d23) Generated GUIDs only implemented for interfaces!
 -> (artifact id: 'a010121a54fe97d72e551fc495aa1ba9') in 0.105268 seconds
Number of updated asset objects reloaded before import = 0
Number of asset objects unloaded after import = 3
========================================================================
Received Import Request.
  Time since last request: 0.000143 seconds.
  path: Assets/RPG Monster DUO PBR Polyart/Materials/Skybox_Mat.mat
  artifactKey: Guid(0f3ba9a6813349ad806fa2aaaa9eb8a1) Importer(2089858483,0ecaa5967403d082aa24f35e1b516d23)
Start importing Assets/RPG Monster DUO PBR Polyart/Materials/Skybox_Mat.mat using Guid(0f3ba9a6813349ad806fa2aaaa9eb8a1) Importer(2089858483,0ecaa5967403d082aa24f35e1b516d23) Generated GUIDs only implemented for interfaces!
 -> (artifact id: '3f6c8d8b4ab9bca76e6c155144aeae5b') in 0.089540 seconds
Number of updated asset objects reloaded before import = 0
Number of asset objects unloaded after import = 1
========================================================================
Received Import Request.
  Time since last request: 0.000044 seconds.
  path: Assets/LowPoly Environment Pack/Prefabs/Plant_1.prefab
  artifactKey: Guid(48ad265f338caaf4da3a864816595b22) Importer(2089858483,0ecaa5967403d082aa24f35e1b516d23)
Start importing Assets/LowPoly Environment Pack/Prefabs/Plant_1.prefab using Guid(48ad265f338caaf4da3a864816595b22) Importer(2089858483,0ecaa5967403d082aa24f35e1b516d23) Generated GUIDs only implemented for interfaces!
 -> (artifact id: '0665d74b4dd0e7f16251539d9cfe4448') in 0.068808 seconds
Number of updated asset objects reloaded before import = 0
Number of asset objects unloaded after import = 7
========================================================================
Received Import Request.
  Time since last request: 0.000050 seconds.
  path: Assets/Animations/Main Camera.controller
  artifactKey: Guid(119d6ceb79b15db498db12bd42192125) Importer(2089858483,0ecaa5967403d082aa24f35e1b516d23)
Start importing Assets/Animations/Main Camera.controller using Guid(119d6ceb79b15db498db12bd42192125) Importer(2089858483,0ecaa5967403d082aa24f35e1b516d23) Generated GUIDs only implemented for interfaces!
 -> (artifact id: 'b7b73669e0daa872ceef443fe43f6cc0') in 0.020937 seconds
Number of updated asset objects reloaded before import = 0
Number of asset objects unloaded after import = 4
========================================================================
Received Import Request.
  Time since last request: 0.000075 seconds.
  path: Assets/LowPoly Environment Pack/FBX/Plant_4.fbx
  artifactKey: Guid(283c2a73be2ff274abe5a6c1e1ee3a48) Importer(2089858483,0ecaa5967403d082aa24f35e1b516d23)
Start importing Assets/LowPoly Environment Pack/FBX/Plant_4.fbx using Guid(283c2a73be2ff274abe5a6c1e1ee3a48) Importer(2089858483,0ecaa5967403d082aa24f35e1b516d23) Generated GUIDs only implemented for interfaces!
 -> (artifact id: '9ca1be2bbbc90ef0a451b4cd4bace774') in 0.088212 seconds
Number of updated asset objects reloaded before import = 0
Number of asset objects unloaded after import = 7
========================================================================
Received Import Request.
  Time since last request: 0.000044 seconds.
  path: Assets/RPG Monster DUO PBR Polyart/Meshes/StageMesh.fbx
  artifactKey: Guid(b81abefeba724bd89c755de785efd017) Importer(2089858483,0ecaa5967403d082aa24f35e1b516d23)
Start importing Assets/RPG Monster DUO PBR Polyart/Meshes/StageMesh.fbx using Guid(b81abefeba724bd89c755de785efd017) Importer(2089858483,0ecaa5967403d082aa24f35e1b516d23) Generated GUIDs only implemented for interfaces!
 -> (artifact id: '8776797fa0189fa7a78bdd58db116c7e') in 0.044523 seconds
Number of updated asset objects reloaded before import = 0
Number of asset objects unloaded after import = 7
========================================================================
Received Import Request.
  Time since last request: 0.000043 seconds.
  path: Assets/Graphics/textures/Ch44_1002_Glossiness.png
  artifactKey: Guid(e06d4336e7b79a149b16ca00d6c5ba0b) Importer(2089858483,0ecaa5967403d082aa24f35e1b516d23)
Start importing Assets/Graphics/textures/Ch44_1002_Glossiness.png using Guid(e06d4336e7b79a149b16ca00d6c5ba0b) Importer(2089858483,0ecaa5967403d082aa24f35e1b516d23) Generated GUIDs only implemented for interfaces!
 -> (artifact id: '589b6f21e086a09e184f3ab099ed4ca3') in 0.083926 seconds
Number of updated asset objects reloaded before import = 0
Number of asset objects unloaded after import = 1
========================================================================
Received Import Request.
  Time since last request: 0.000042 seconds.
  path: Assets/LowPoly Environment Pack/FBX/Rock_1.fbx
  artifactKey: Guid(b2d7d77df4449b24fb2fffe6ca115874) Importer(2089858483,0ecaa5967403d082aa24f35e1b516d23)
Start importing Assets/LowPoly Environment Pack/FBX/Rock_1.fbx using Guid(b2d7d77df4449b24fb2fffe6ca115874) Importer(2089858483,0ecaa5967403d082aa24f35e1b516d23) Generated GUIDs only implemented for interfaces!
 -> (artifact id: '8b533f20d949c0ee96a50d20f4d1eeee') in 0.060486 seconds
Number of updated asset objects reloaded before import = 0
Number of asset objects unloaded after import = 7
========================================================================
Received Import Request.
  Time since last request: 0.000121 seconds.
  path: Assets/RPG Monster DUO PBR Polyart/Textures/Emission.png
  artifactKey: Guid(fe62c1e740dc4f4c838033a4c0afc020) Importer(2089858483,0ecaa5967403d082aa24f35e1b516d23)
Start importing Assets/RPG Monster DUO PBR Polyart/Textures/Emission.png using Guid(fe62c1e740dc4f4c838033a4c0afc020) Importer(2089858483,0ecaa5967403d082aa24f35e1b516d23) Generated GUIDs only implemented for interfaces!
 -> (artifact id: 'c1d97e8e04d5cfd928ab247476103369') in 0.077004 seconds
Number of updated asset objects reloaded before import = 0
Number of asset objects unloaded after import = 1
========================================================================
Received Import Request.
  Time since last request: 0.000031 seconds.
  path: Assets/Scenes/SampleScene/CanyonRunLvl1.settingsLight.asset
  artifactKey: Guid(680e7962c3fd4414b8d1862f4ae2230d) Importer(2089858483,0ecaa5967403d082aa24f35e1b516d23)
Start importing Assets/Scenes/SampleScene/CanyonRunLvl1.settingsLight.asset using Guid(680e7962c3fd4414b8d1862f4ae2230d) Importer(2089858483,0ecaa5967403d082aa24f35e1b516d23) Generated GUIDs only implemented for interfaces!
 -> (artifact id: 'd6654cd0be77cd066fe9385456a8a380') in 0.032929 seconds
Number of updated asset objects reloaded before import = 0
Number of asset objects unloaded after import = 2
========================================================================
Received Import Request.
  Time since last request: 0.000076 seconds.
  path: Assets/LowPoly Environment Pack/Prefabs/Mounting_2.prefab
  artifactKey: Guid(8732d563a511d834e823ac895b8a4004) Importer(2089858483,0ecaa5967403d082aa24f35e1b516d23)
Start importing Assets/LowPoly Environment Pack/Prefabs/Mounting_2.prefab using Guid(8732d563a511d834e823ac895b8a4004) Importer(2089858483,0ecaa5967403d082aa24f35e1b516d23) Generated GUIDs only implemented for interfaces!
 -> (artifact id: '9604bf9d9182e9922c65d7e400d3f673') in 0.068214 seconds
Number of updated asset objects reloaded before import = 0
Number of asset objects unloaded after import = 8
========================================================================
Received Import Request.
  Time since last request: 0.000041 seconds.
  path: Assets/LowPoly Environment Pack/FBX/Bush_3.fbx
  artifactKey: Guid(1e7949aa66587e540b15b43c6b92a25d) Importer(2089858483,0ecaa5967403d082aa24f35e1b516d23)
Start importing Assets/LowPoly Environment Pack/FBX/Bush_3.fbx using Guid(1e7949aa66587e540b15b43c6b92a25d) Importer(2089858483,0ecaa5967403d082aa24f35e1b516d23) Generated GUIDs only implemented for interfaces!
 -> (artifact id: '5426946fb40f6c840a2c3efa9f7eb9a5') in 0.060816 seconds
Number of updated asset objects reloaded before import = 0
Number of asset objects unloaded after import = 7
========================================================================
Received Import Request.
  Time since last request: 0.000030 seconds.
  path: Assets/LowPoly Environment Pack/Prefabs/Plant_5.prefab
  artifactKey: Guid(fd4804b84d34a784ea6831ede116af4c) Importer(2089858483,0ecaa5967403d082aa24f35e1b516d23)
Start importing Assets/LowPoly Environment Pack/Prefabs/Plant_5.prefab using Guid(fd4804b84d34a784ea6831ede116af4c) Importer(2089858483,0ecaa5967403d082aa24f35e1b516d23) Generated GUIDs only implemented for interfaces!
 -> (artifact id: '4a6191e45ad4f2fe7381f3e74aeb2673') in 0.084364 seconds
Number of updated asset objects reloaded before import = 0
Number of asset objects unloaded after import = 7
========================================================================
Received Import Request.
  Time since last request: 0.000728 seconds.
  path: Assets/LowPoly Environment Pack/FBX/Stone_1.fbx
  artifactKey: Guid(8da72e9a2ba2b0d4aa84f50b8f19b35f) Importer(2089858483,0ecaa5967403d082aa24f35e1b516d23)
Start importing Assets/LowPoly Environment Pack/FBX/Stone_1.fbx using Guid(8da72e9a2ba2b0d4aa84f50b8f19b35f) Importer(2089858483,0ecaa5967403d082aa24f35e1b516d23) Generated GUIDs only implemented for interfaces!
 -> (artifact id: 'abb3c95737ef1b95087ec02a866da869') in 0.075580 seconds
Number of updated asset objects reloaded before import = 0
Number of asset objects unloaded after import = 7
========================================================================
Received Import Request.
  Time since last request: 0.000035 seconds.
  path: Assets/LowPoly Environment Pack/FBX/Rock_6.fbx
  artifactKey: Guid(71bb44319f15e0741846c4fad009f013) Importer(2089858483,0ecaa5967403d082aa24f35e1b516d23)
Start importing Assets/LowPoly Environment Pack/FBX/Rock_6.fbx using Guid(71bb44319f15e0741846c4fad009f013) Importer(2089858483,0ecaa5967403d082aa24f35e1b516d23) Generated GUIDs only implemented for interfaces!
 -> (artifact id: '646fb41ecd803aea062cd992891e8304') in 0.067333 seconds
Number of updated asset objects reloaded before import = 0
Number of asset objects unloaded after import = 7
========================================================================
Received Import Request.
  Time since last request: 0.000051 seconds.
  path: Assets/LowPoly Environment Pack/FBX/Grass_2.fbx
  artifactKey: Guid(a0873148ac8296f43bcd8ca9f39271e3) Importer(2089858483,0ecaa5967403d082aa24f35e1b516d23)
Start importing Assets/LowPoly Environment Pack/FBX/Grass_2.fbx using Guid(a0873148ac8296f43bcd8ca9f39271e3) Importer(2089858483,0ecaa5967403d082aa24f35e1b516d23) Generated GUIDs only implemented for interfaces!
 -> (artifact id: '8491e8203008b7e47c6d703d8fafc83a') in 0.090098 seconds
Number of updated asset objects reloaded before import = 0
Number of asset objects unloaded after import = 7
========================================================================
Received Import Request.
  Time since last request: 0.000041 seconds.
  path: Assets/Scripts/Environment/EndRunSequence.cs
  artifactKey: Guid(11d7239f33d9d1a46964de7c81ea2c90) Importer(2089858483,0ecaa5967403d082aa24f35e1b516d23)
Start importing Assets/Scripts/Environment/EndRunSequence.cs using Guid(11d7239f33d9d1a46964de7c81ea2c90) Importer(2089858483,0ecaa5967403d082aa24f35e1b516d23) Generated GUIDs only implemented for interfaces!
 -> (artifact id: '0b26c7cb3c2344801b23424ff9df825a') in 0.025232 seconds
Number of updated asset objects reloaded before import = 0
Number of asset objects unloaded after import = 1
========================================================================
Received Import Request.
  Time since last request: 0.000092 seconds.
  path: Assets/Scripts/Player/PlayerMove.cs
  artifactKey: Guid(283c9924333d2084ebe0bb407821b0a4) Importer(2089858483,0ecaa5967403d082aa24f35e1b516d23)
Start importing Assets/Scripts/Player/PlayerMove.cs using Guid(283c9924333d2084ebe0bb407821b0a4) Importer(2089858483,0ecaa5967403d082aa24f35e1b516d23) Generated GUIDs only implemented for interfaces!
 -> (artifact id: 'b8af2da193b4c43afd1ed9a55771d3f0') in 0.049432 seconds
Number of updated asset objects reloaded before import = 0
Number of asset objects unloaded after import = 1
========================================================================
Received Import Request.
  Time since last request: 0.000104 seconds.
  path: Assets/Scripts/Environment/LevelBoundary.cs
  artifactKey: Guid(b1bfb938f9b49a0489ee939c08b74fca) Importer(2089858483,0ecaa5967403d082aa24f35e1b516d23)
Start importing Assets/Scripts/Environment/LevelBoundary.cs using Guid(b1bfb938f9b49a0489ee939c08b74fca) Importer(2089858483,0ecaa5967403d082aa24f35e1b516d23) Generated GUIDs only implemented for interfaces!
 -> (artifact id: 'd48c1518542ce3bc534930094feb43e9') in 0.024403 seconds
Number of updated asset objects reloaded before import = 0
Number of asset objects unloaded after import = 1
========================================================================
Received Import Request.
  Time since last request: 0.000034 seconds.
  path: Assets/LowPoly Environment Pack/Demo/Scene 1/PPS Demo 1.asset
  artifactKey: Guid(5e9da65ad60c5c9429eca5d7653cbf05) Importer(2089858483,0ecaa5967403d082aa24f35e1b516d23)
Start importing Assets/LowPoly Environment Pack/Demo/Scene 1/PPS Demo 1.asset using Guid(5e9da65ad60c5c9429eca5d7653cbf05) Importer(2089858483,0ecaa5967403d082aa24f35e1b516d23) Generated GUIDs only implemented for interfaces!
 -> (artifact id: '253eb3b01e482a1e724200d86c7cb364') in 0.044908 seconds
Number of updated asset objects reloaded before import = 0
Number of asset objects unloaded after import = 1
========================================================================
Received Import Request.
  Time since last request: 0.000081 seconds.
  path: Assets/LowPoly Environment Pack/Prefabs/Rock_3.prefab
  artifactKey: Guid(da41fd2967a439d409358c2214a5409e) Importer(2089858483,0ecaa5967403d082aa24f35e1b516d23)
Start importing Assets/LowPoly Environment Pack/Prefabs/Rock_3.prefab using Guid(da41fd2967a439d409358c2214a5409e) Importer(2089858483,0ecaa5967403d082aa24f35e1b516d23) Generated GUIDs only implemented for interfaces!
 -> (artifact id: '2b499b357874c26b4b5ec83102deeb6d') in 0.048060 seconds
Number of updated asset objects reloaded before import = 0
Number of asset objects unloaded after import = 7
========================================================================
Received Import Request.
  Time since last request: 0.000041 seconds.
  path: Assets/Animations/CountAnimation.anim
  artifactKey: Guid(55bc855272928e94d8a17b997709d769) Importer(2089858483,0ecaa5967403d082aa24f35e1b516d23)
Start importing Assets/Animations/CountAnimation.anim using Guid(55bc855272928e94d8a17b997709d769) Importer(2089858483,0ecaa5967403d082aa24f35e1b516d23) Generated GUIDs only implemented for interfaces!
 -> (artifact id: '86186a4cee0e6b569a76313befa4ddef') in 0.063667 seconds
Number of updated asset objects reloaded before import = 0
Number of asset objects unloaded after import = 1
========================================================================
Received Import Request.
  Time since last request: 0.000043 seconds.
  path: Assets/LowPoly Environment Pack/Prefabs/Plant_7.prefab
  artifactKey: Guid(1a6a34cedc83b654099dbb403ec40524) Importer(2089858483,0ecaa5967403d082aa24f35e1b516d23)
Start importing Assets/LowPoly Environment Pack/Prefabs/Plant_7.prefab using Guid(1a6a34cedc83b654099dbb403ec40524) Importer(2089858483,0ecaa5967403d082aa24f35e1b516d23) Generated GUIDs only implemented for interfaces!
 -> (artifact id: 'eabfb467662bfe3f2de155ee32fc4617') in 0.075466 seconds
Number of updated asset objects reloaded before import = 0
Number of asset objects unloaded after import = 7
========================================================================
Received Import Request.
  Time since last request: 0.000060 seconds.
  path: Assets/LowPoly Environment Pack/FBX/Bush_2.fbx
  artifactKey: Guid(87ad1332cfca6934ea307ce26bfc9dec) Importer(2089858483,0ecaa5967403d082aa24f35e1b516d23)
Start importing Assets/LowPoly Environment Pack/FBX/Bush_2.fbx using Guid(87ad1332cfca6934ea307ce26bfc9dec) Importer(2089858483,0ecaa5967403d082aa24f35e1b516d23) Generated GUIDs only implemented for interfaces!
 -> (artifact id: 'c62309bf823a25e4dde25e5216a8cfce') in 0.064197 seconds
Number of updated asset objects reloaded before import = 0
Number of asset objects unloaded after import = 7
========================================================================
Received Import Request.
  Time since last request: 0.000026 seconds.
  path: Assets/RPG Monster DUO PBR Polyart/Meshes/SlimeMesh.fbx
  artifactKey: Guid(6520c6d7889f4c72b416f07f34edd515) Importer(2089858483,0ecaa5967403d082aa24f35e1b516d23)
Start importing Assets/RPG Monster DUO PBR Polyart/Meshes/SlimeMesh.fbx using Guid(6520c6d7889f4c72b416f07f34edd515) Importer(2089858483,0ecaa5967403d082aa24f35e1b516d23) Generated GUIDs only implemented for interfaces!
 -> (artifact id: 'fdbd3f1d93a29a0a517a0e736f03bc14') in 0.098074 seconds
Number of updated asset objects reloaded before import = 0
Number of asset objects unloaded after import = 30
========================================================================
Received Import Request.
  Time since last request: 0.000025 seconds.
  path: Assets/LowPoly Environment Pack/FBX/Materials/Gray.1.mat
  artifactKey: Guid(fb5ddc125e5f05b42a1269e0a08850eb) Importer(2089858483,0ecaa5967403d082aa24f35e1b516d23)
Start importing Assets/LowPoly Environment Pack/FBX/Materials/Gray.1.mat using Guid(fb5ddc125e5f05b42a1269e0a08850eb) Importer(2089858483,0ecaa5967403d082aa24f35e1b516d23) Generated GUIDs only implemented for interfaces!
 -> (artifact id: '8b5fc3a0829ba63281bea8abcc749caa') in 0.032622 seconds
Number of updated asset objects reloaded before import = 0
Number of asset objects unloaded after import = 1
========================================================================
Received Import Request.
  Time since last request: 0.000043 seconds.
  path: Assets/LowPoly Environment Pack/FBX/Materials/Brown.6.mat
  artifactKey: Guid(c47a8046d422cf44ab127456e4917876) Importer(2089858483,0ecaa5967403d082aa24f35e1b516d23)
Start importing Assets/LowPoly Environment Pack/FBX/Materials/Brown.6.mat using Guid(c47a8046d422cf44ab127456e4917876) Importer(2089858483,0ecaa5967403d082aa24f35e1b516d23) Generated GUIDs only implemented for interfaces!
 -> (artifact id: '34ad8fa6e7c4e3e471d78dff81904492') in 0.033248 seconds
Number of updated asset objects reloaded before import = 0
Number of asset objects unloaded after import = 1
========================================================================
Received Import Request.
  Time since last request: 0.000060 seconds.
  path: Assets/LowPoly Environment Pack/FBX/Materials/Brown.3.mat
  artifactKey: Guid(2852b271d0d088643a66c25efe4b5aa0) Importer(2089858483,0ecaa5967403d082aa24f35e1b516d23)
Start importing Assets/LowPoly Environment Pack/FBX/Materials/Brown.3.mat using Guid(2852b271d0d088643a66c25efe4b5aa0) Importer(2089858483,0ecaa5967403d082aa24f35e1b516d23) Generated GUIDs only implemented for interfaces!
 -> (artifact id: '634551d9fdba425d20e88ce7a7b3e0ad') in 0.042360 seconds
Number of updated asset objects reloaded before import = 0
Number of asset objects unloaded after import = 1
========================================================================
Received Import Request.
  Time since last request: 0.000048 seconds.
  path: Assets/LowPoly Environment Pack/FBX/Materials/Brown.14.mat
  artifactKey: Guid(7e5b0a9678b8426468b771b1050eeae4) Importer(2089858483,0ecaa5967403d082aa24f35e1b516d23)
Start importing Assets/LowPoly Environment Pack/FBX/Materials/Brown.14.mat using Guid(7e5b0a9678b8426468b771b1050eeae4) Importer(2089858483,0ecaa5967403d082aa24f35e1b516d23) Generated GUIDs only implemented for interfaces!
 -> (artifact id: '66343d4688aa2df9fed5a59ac5c56ce9') in 0.031895 seconds
Number of updated asset objects reloaded before import = 0
Number of asset objects unloaded after import = 1
========================================================================
Received Import Request.
  Time since last request: 0.000056 seconds.
  path: Assets/LowPoly Environment Pack/FBX/Materials/Gray.3.mat
  artifactKey: Guid(1b487e4aa512c6c46b231d5aacdceae0) Importer(2089858483,0ecaa5967403d082aa24f35e1b516d23)
Start importing Assets/LowPoly Environment Pack/FBX/Materials/Gray.3.mat using Guid(1b487e4aa512c6c46b231d5aacdceae0) Importer(2089858483,0ecaa5967403d082aa24f35e1b516d23) Generated GUIDs only implemented for interfaces!
 -> (artifact id: 'fdd99fb51f5e2df7de2c30207e9ce87e') in 0.052421 seconds
Number of updated asset objects reloaded before import = 0
Number of asset objects unloaded after import = 1
========================================================================
Received Import Request.
  Time since last request: 0.000037 seconds.
  path: Assets/Materials/Orange.mat
  artifactKey: Guid(c61ef5c5d25429445976bb44ed87fb57) Importer(2089858483,0ecaa5967403d082aa24f35e1b516d23)
Start importing Assets/Materials/Orange.mat using Guid(c61ef5c5d25429445976bb44ed87fb57) Importer(2089858483,0ecaa5967403d082aa24f35e1b516d23) Generated GUIDs only implemented for interfaces!
 -> (artifact id: 'ed5bf8679c120cbde894439677ca6be1') in 0.031811 seconds
Number of updated asset objects reloaded before import = 0
Number of asset objects unloaded after import = 1
========================================================================
Received Import Request.
  Time since last request: 0.000053 seconds.
  path: Assets/RPG Monster DUO PBR Polyart/Materials/Albedo.mat
  artifactKey: Guid(938dc9b52c435f94d84be42dcd7914b9) Importer(2089858483,0ecaa5967403d082aa24f35e1b516d23)
Start importing Assets/RPG Monster DUO PBR Polyart/Materials/Albedo.mat using Guid(938dc9b52c435f94d84be42dcd7914b9) Importer(2089858483,0ecaa5967403d082aa24f35e1b516d23) Generated GUIDs only implemented for interfaces!
 -> (artifact id: '43eb94ac51bbff4d18d957093da32074') in 0.054764 seconds
Number of updated asset objects reloaded before import = 0
Number of asset objects unloaded after import = 2
========================================================================
Received Import Request.
  Time since last request: 0.000066 seconds.
  path: Assets/LowPoly Environment Pack/FBX/Log_2.fbx
  artifactKey: Guid(a834527aa1ce23a40857bdc293825f3a) Importer(2089858483,0ecaa5967403d082aa24f35e1b516d23)
Start importing Assets/LowPoly Environment Pack/FBX/Log_2.fbx using Guid(a834527aa1ce23a40857bdc293825f3a) Importer(2089858483,0ecaa5967403d082aa24f35e1b516d23) Generated GUIDs only implemented for interfaces!
 -> (artifact id: '062262263dd10d1d0d5f7c8a32a9cadd') in 0.052760 seconds
Number of updated asset objects reloaded before import = 0
Number of asset objects unloaded after import = 7
========================================================================
Received Import Request.
  Time since last request: 0.000090 seconds.
  path: Assets/LowPoly Environment Pack/FBX/Rock_3.fbx
  artifactKey: Guid(f902b41e10cdd2d44aaf1ada606f5d3c) Importer(2089858483,0ecaa5967403d082aa24f35e1b516d23)
Start importing Assets/LowPoly Environment Pack/FBX/Rock_3.fbx using Guid(f902b41e10cdd2d44aaf1ada606f5d3c) Importer(2089858483,0ecaa5967403d082aa24f35e1b516d23) Generated GUIDs only implemented for interfaces!
 -> (artifact id: '80190c633df6886b44a88317aefed1d2') in 0.039537 seconds
Number of updated asset objects reloaded before import = 0
Number of asset objects unloaded after import = 7
========================================================================
Received Import Request.
  Time since last request: 0.000064 seconds.
  path: Assets/Graphics/Jumping.anim
  artifactKey: Guid(375111a65ae04264c8fed989b20db8cd) Importer(2089858483,0ecaa5967403d082aa24f35e1b516d23)
Start importing Assets/Graphics/Jumping.anim using Guid(375111a65ae04264c8fed989b20db8cd) Importer(2089858483,0ecaa5967403d082aa24f35e1b516d23) Generated GUIDs only implemented for interfaces!
 -> (artifact id: '4292c76450570fd0bfa4b2f03081f84f') in 0.042754 seconds
Number of updated asset objects reloaded before import = 0
Number of asset objects unloaded after import = 1
========================================================================
Received Import Request.
  Time since last request: 0.000031 seconds.
  path: Assets/LowPoly Environment Pack/Demo/Scene 1/CameraTimeline Scene 1.playable
  artifactKey: Guid(d44d463529724c547bb6a8cfb68c72e8) Importer(2089858483,0ecaa5967403d082aa24f35e1b516d23)
Start importing Assets/LowPoly Environment Pack/Demo/Scene 1/CameraTimeline Scene 1.playable using Guid(d44d463529724c547bb6a8cfb68c72e8) Importer(2089858483,0ecaa5967403d082aa24f35e1b516d23) Generated GUIDs only implemented for interfaces!
 -> (artifact id: 'd8ff8eb1583f4d71beda13a4493380f3') in 0.090552 seconds
Number of updated asset objects reloaded before import = 0
Number of asset objects unloaded after import = 3
========================================================================
Received Import Request.
  Time since last request: 0.000018 seconds.
  path: Assets/LowPoly Environment Pack/FBX/Materials/Green.5.mat
  artifactKey: Guid(35efd64ed4769b8459707c2739efe32a) Importer(2089858483,0ecaa5967403d082aa24f35e1b516d23)
Start importing Assets/LowPoly Environment Pack/FBX/Materials/Green.5.mat using Guid(35efd64ed4769b8459707c2739efe32a) Importer(2089858483,0ecaa5967403d082aa24f35e1b516d23) Generated GUIDs only implemented for interfaces!
 -> (artifact id: '4fb487e9586ab8db459ac612cf32ea72') in 0.022100 seconds
Number of updated asset objects reloaded before import = 0
Number of asset objects unloaded after import = 1
========================================================================
Received Import Request.
  Time since last request: 0.000723 seconds.
  path: Assets/LowPoly Environment Pack/FBX/Materials/Yellow.2.mat
  artifactKey: Guid(88faa5a91a671444399e4dd91c9dc1da) Importer(2089858483,0ecaa5967403d082aa24f35e1b516d23)
Start importing Assets/LowPoly Environment Pack/FBX/Materials/Yellow.2.mat using Guid(88faa5a91a671444399e4dd91c9dc1da) Importer(2089858483,0ecaa5967403d082aa24f35e1b516d23) Generated GUIDs only implemented for interfaces!
 -> (artifact id: '9e5406388444eacd013385038408fd44') in 0.038534 seconds
Number of updated asset objects reloaded before import = 0
Number of asset objects unloaded after import = 1
========================================================================
Received Import Request.
  Time since last request: 0.000021 seconds.
  path: Assets/LowPoly Environment Pack/FBX/Materials/Green.2.mat
  artifactKey: Guid(59ef7dc611ee0474092dff5c29ab828f) Importer(2089858483,0ecaa5967403d082aa24f35e1b516d23)
Start importing Assets/LowPoly Environment Pack/FBX/Materials/Green.2.mat using Guid(59ef7dc611ee0474092dff5c29ab828f) Importer(2089858483,0ecaa5967403d082aa24f35e1b516d23) Generated GUIDs only implemented for interfaces!
 -> (artifact id: '8bb56a1652202c36543a180ea65298e0') in 0.014255 seconds
Number of updated asset objects reloaded before import = 0
Number of asset objects unloaded after import = 1
========================================================================
Received Import Request.
  Time since last request: 0.000020 seconds.
  path: Assets/Graphics/Stumble Backwards.fbx
  artifactKey: Guid(98741f1e74293c04593260dafa6cc0e5) Importer(2089858483,0ecaa5967403d082aa24f35e1b516d23)
Start importing Assets/Graphics/Stumble Backwards.fbx using Guid(98741f1e74293c04593260dafa6cc0e5) Importer(2089858483,0ecaa5967403d082aa24f35e1b516d23) Generated GUIDs only implemented for interfaces!
 -> (artifact id: '67e9bb92982b9f584bc4f498534ba10a') in 0.178884 seconds
Number of updated asset objects reloaded before import = 0
Number of asset objects unloaded after import = 147
========================================================================
Received Import Request.
  Time since last request: 0.000073 seconds.
  path: Assets/Graphics/Ch44_nonPBR@Running.fbx
  artifactKey: Guid(f08d3a8c02b70554db9b9e171ca7c63b) Importer(2089858483,0ecaa5967403d082aa24f35e1b516d23)
Start importing Assets/Graphics/Ch44_nonPBR@Running.fbx using Guid(f08d3a8c02b70554db9b9e171ca7c63b) Importer(2089858483,0ecaa5967403d082aa24f35e1b516d23) Generated GUIDs only implemented for interfaces!
 -> (artifact id: '6554c32b50606578dd030d9f69c95a91') in 0.118603 seconds
Number of updated asset objects reloaded before import = 0
Number of asset objects unloaded after import = 147
========================================================================
Received Import Request.
  Time since last request: 0.000080 seconds.
  path: Assets/LowPoly Environment Pack/FBX/Rock_5.fbx
  artifactKey: Guid(18cea87bdb7d0fa46986e492321f3d1e) Importer(2089858483,0ecaa5967403d082aa24f35e1b516d23)
Start importing Assets/LowPoly Environment Pack/FBX/Rock_5.fbx using Guid(18cea87bdb7d0fa46986e492321f3d1e) Importer(2089858483,0ecaa5967403d082aa24f35e1b516d23) Generated GUIDs only implemented for interfaces!
 -> (artifact id: '2eb323d53cc7e91fedb33763e256e8ed') in 0.047938 seconds
Number of updated asset objects reloaded before import = 0
Number of asset objects unloaded after import = 7
========================================================================
Received Import Request.
  Time since last request: 0.000022 seconds.
  path: Assets/LowPoly Environment Pack/Prefabs/Plant_4.prefab
  artifactKey: Guid(41e722f5443cbd048b675375e24f1beb) Importer(2089858483,0ecaa5967403d082aa24f35e1b516d23)
Start importing Assets/LowPoly Environment Pack/Prefabs/Plant_4.prefab using Guid(41e722f5443cbd048b675375e24f1beb) Importer(2089858483,0ecaa5967403d082aa24f35e1b516d23) Generated GUIDs only implemented for interfaces!
 -> (artifact id: '73209bc7c65866791978f4d8e7093865') in 0.028062 seconds
Number of updated asset objects reloaded before import = 0
Number of asset objects unloaded after import = 7
========================================================================
Received Import Request.
  Time since last request: 0.000036 seconds.
  path: Assets/RPG Monster DUO PBR Polyart/Animations/TurtleShell/Attack01_TurtleShell_Anim.fbx
  artifactKey: Guid(832e69c20e884e0790dae5ee86441a63) Importer(2089858483,0ecaa5967403d082aa24f35e1b516d23)
Start importing Assets/RPG Monster DUO PBR Polyart/Animations/TurtleShell/Attack01_TurtleShell_Anim.fbx using Guid(832e69c20e884e0790dae5ee86441a63) Importer(2089858483,0ecaa5967403d082aa24f35e1b516d23) Generated GUIDs only implemented for interfaces!
 -> (artifact id: 'dc9fe085264ab57c3fcd33915e63975a') in 0.081380 seconds
Number of updated asset objects reloaded before import = 0
Number of asset objects unloaded after import = 71
========================================================================
Received Import Request.
  Time since last request: 0.000021 seconds.
  path: Assets/RPG Monster DUO PBR Polyart/Animations/Slime/IdleNormal_Slime_Anim.fbx
  artifactKey: Guid(a3010b0fc7044499ad34afdf5326f623) Importer(2089858483,0ecaa5967403d082aa24f35e1b516d23)
Start importing Assets/RPG Monster DUO PBR Polyart/Animations/Slime/IdleNormal_Slime_Anim.fbx using Guid(a3010b0fc7044499ad34afdf5326f623) Importer(2089858483,0ecaa5967403d082aa24f35e1b516d23) Generated GUIDs only implemented for interfaces!
 -> (artifact id: 'b61ce2dcdde1bfb0efb1730eafc13c1b') in 0.053899 seconds
Number of updated asset objects reloaded before import = 0
Number of asset objects unloaded after import = 31
========================================================================
Received Import Request.
  Time since last request: 0.000025 seconds.
  path: Assets/LowPoly Environment Pack/FBX/Materials/Yellow.4.mat
  artifactKey: Guid(779672b87a6027e4fb52bd5c47f2c110) Importer(2089858483,0ecaa5967403d082aa24f35e1b516d23)
Start importing Assets/LowPoly Environment Pack/FBX/Materials/Yellow.4.mat using Guid(779672b87a6027e4fb52bd5c47f2c110) Importer(2089858483,0ecaa5967403d082aa24f35e1b516d23) Generated GUIDs only implemented for interfaces!
 -> (artifact id: '6a63e32abb9cbcfb8023c7b2100f637b') in 0.023298 seconds
Number of updated asset objects reloaded before import = 0
Number of asset objects unloaded after import = 1
========================================================================
Received Import Request.
  Time since last request: 0.000018 seconds.
  path: Assets/RPG Monster DUO PBR Polyart/Animations/Slime/Attack02_Slime_Anim.fbx
  artifactKey: Guid(ced1d66978a144d0b646ff621ebe620c) Importer(2089858483,0ecaa5967403d082aa24f35e1b516d23)
Start importing Assets/RPG Monster DUO PBR Polyart/Animations/Slime/Attack02_Slime_Anim.fbx using Guid(ced1d66978a144d0b646ff621ebe620c) Importer(2089858483,0ecaa5967403d082aa24f35e1b516d23) Generated GUIDs only implemented for interfaces!
 -> (artifact id: 'c9fe58d36cd0e0a0b61d5272eb4c5421') in 0.055255 seconds
Number of updated asset objects reloaded before import = 0
Number of asset objects unloaded after import = 31
========================================================================
Received Import Request.
  Time since last request: 0.000028 seconds.
  path: Assets/LowPoly Environment Pack/FBX/Materials/Green.3.mat
  artifactKey: Guid(94f42fcaf1b6c224c99738b35fda2bcb) Importer(2089858483,0ecaa5967403d082aa24f35e1b516d23)
Start importing Assets/LowPoly Environment Pack/FBX/Materials/Green.3.mat using Guid(94f42fcaf1b6c224c99738b35fda2bcb) Importer(2089858483,0ecaa5967403d082aa24f35e1b516d23) Generated GUIDs only implemented for interfaces!
 -> (artifact id: '777a8c5c66ae7f712ce51525e7292a77') in 0.026704 seconds
Number of updated asset objects reloaded before import = 0
Number of asset objects unloaded after import = 1
========================================================================
Received Import Request.
  Time since last request: 0.000038 seconds.
  path: Assets/LowPoly Environment Pack/FBX/Materials/Pink.1.mat
  artifactKey: Guid(4de868b1c656aa948a9734db55fa6df7) Importer(2089858483,0ecaa5967403d082aa24f35e1b516d23)
Start importing Assets/LowPoly Environment Pack/FBX/Materials/Pink.1.mat using Guid(4de868b1c656aa948a9734db55fa6df7) Importer(2089858483,0ecaa5967403d082aa24f35e1b516d23) Generated GUIDs only implemented for interfaces!
 -> (artifact id: '6772ea015c47e49a170234aab30693d1') in 0.019508 seconds
Number of updated asset objects reloaded before import = 0
Number of asset objects unloaded after import = 1
========================================================================
Received Import Request.
  Time since last request: 0.000016 seconds.
  path: Assets/LowPoly Environment Pack/Prefabs/Mounting_1.prefab
  artifactKey: Guid(e05ee61d6dad0e54eb51d1c8ec3becc6) Importer(2089858483,0ecaa5967403d082aa24f35e1b516d23)
Start importing Assets/LowPoly Environment Pack/Prefabs/Mounting_1.prefab using Guid(e05ee61d6dad0e54eb51d1c8ec3becc6) Importer(2089858483,0ecaa5967403d082aa24f35e1b516d23) Generated GUIDs only implemented for interfaces!
 -> (artifact id: '67400448f8f1dd4ed23b8b1637b01981') in 0.040678 seconds
Number of updated asset objects reloaded before import = 0
Number of asset objects unloaded after import = 8
========================================================================
Received Import Request.
  Time since last request: 0.000022 seconds.
  path: Assets/LowPoly Environment Pack/FBX/Materials/Green.13.mat
  artifactKey: Guid(824d3adafd1c2d64b8c82f09ed60bfe7) Importer(2089858483,0ecaa5967403d082aa24f35e1b516d23)
Start importing Assets/LowPoly Environment Pack/FBX/Materials/Green.13.mat using Guid(824d3adafd1c2d64b8c82f09ed60bfe7) Importer(2089858483,0ecaa5967403d082aa24f35e1b516d23) Generated GUIDs only implemented for interfaces!
 -> (artifact id: '74da633e9220a436c7b684098f19ae16') in 0.017995 seconds
Number of updated asset objects reloaded before import = 0
Number of asset objects unloaded after import = 1
========================================================================
Received Import Request.
  Time since last request: 0.000031 seconds.
  path: Assets/RPG Monster DUO PBR Polyart/Animations/Slime/Victory_Slime_Anim.fbx
  artifactKey: Guid(8ec3313cbc664ad68d21f18f52f2ebf0) Importer(2089858483,0ecaa5967403d082aa24f35e1b516d23)
Start importing Assets/RPG Monster DUO PBR Polyart/Animations/Slime/Victory_Slime_Anim.fbx using Guid(8ec3313cbc664ad68d21f18f52f2ebf0) Importer(2089858483,0ecaa5967403d082aa24f35e1b516d23) Generated GUIDs only implemented for interfaces!
 -> (artifact id: 'a2828a13e0ad78150722e2477a8d4cdf') in 0.049515 seconds
Number of updated asset objects reloaded before import = 0
Number of asset objects unloaded after import = 31
========================================================================
Received Import Request.
  Time since last request: 0.000027 seconds.
  path: Assets/LowPoly Environment Pack/FBX/Materials/Orange.2.mat
  artifactKey: Guid(a57c77f070e349e428256669c403a9c5) Importer(2089858483,0ecaa5967403d082aa24f35e1b516d23)
Start importing Assets/LowPoly Environment Pack/FBX/Materials/Orange.2.mat using Guid(a57c77f070e349e428256669c403a9c5) Importer(2089858483,0ecaa5967403d082aa24f35e1b516d23) Generated GUIDs only implemented for interfaces!
 -> (artifact id: '286e0b6805599f508a09c23c3a5b5bc3') in 0.029038 seconds
Number of updated asset objects reloaded before import = 0
Number of asset objects unloaded after import = 1
========================================================================
Received Import Request.
  Time since last request: 0.000068 seconds.
  path: Assets/Scripts/CollectedObjects/CollectCoin.cs
  artifactKey: Guid(478b37c008b94c246a5850fdc73598f0) Importer(2089858483,0ecaa5967403d082aa24f35e1b516d23)
Start importing Assets/Scripts/CollectedObjects/CollectCoin.cs using Guid(478b37c008b94c246a5850fdc73598f0) Importer(2089858483,0ecaa5967403d082aa24f35e1b516d23) Generated GUIDs only implemented for interfaces!
 -> (artifact id: 'fe7f2adcee4a705e27593272ed151351') in 0.023506 seconds
Number of updated asset objects reloaded before import = 0
Number of asset objects unloaded after import = 1
========================================================================
Received Import Request.
  Time since last request: 0.000035 seconds.
  path: Assets/Scripts/Environment/FadeOut.anim
  artifactKey: Guid(311b96d9012924f47a8ea07ed51a11f3) Importer(2089858483,0ecaa5967403d082aa24f35e1b516d23)
Start importing Assets/Scripts/Environment/FadeOut.anim using Guid(311b96d9012924f47a8ea07ed51a11f3) Importer(2089858483,0ecaa5967403d082aa24f35e1b516d23) Generated GUIDs only implemented for interfaces!
 -> (artifact id: 'aa3a004363c6aa02f2c6cad4fd54a18a') in 0.016592 seconds
Number of updated asset objects reloaded before import = 0
Number of asset objects unloaded after import = 1
========================================================================
Received Import Request.
  Time since last request: 0.000032 seconds.
  path: Assets/LowPoly Environment Pack/FBX/Terrain_2.fbx
  artifactKey: Guid(cc767c10d36eaa748aaa5b008bf78528) Importer(2089858483,0ecaa5967403d082aa24f35e1b516d23)
Start importing Assets/LowPoly Environment Pack/FBX/Terrain_2.fbx using Guid(cc767c10d36eaa748aaa5b008bf78528) Importer(2089858483,0ecaa5967403d082aa24f35e1b516d23) Generated GUIDs only implemented for interfaces!
 -> (artifact id: 'd3f06fad40a606408fdae7603cc71891') in 0.043101 seconds
Number of updated asset objects reloaded before import = 0
Number of asset objects unloaded after import = 7
========================================================================
Received Import Request.
  Time since last request: 0.000027 seconds.
  path: Assets/LowPoly Environment Pack/Prefabs/Mounting_3.prefab
  artifactKey: Guid(37bf6b4eaddee8d448771b63238e03d1) Importer(2089858483,0ecaa5967403d082aa24f35e1b516d23)
Start importing Assets/LowPoly Environment Pack/Prefabs/Mounting_3.prefab using Guid(37bf6b4eaddee8d448771b63238e03d1) Importer(2089858483,0ecaa5967403d082aa24f35e1b516d23) Generated GUIDs only implemented for interfaces!
 -> (artifact id: 'b4091afac4b4575d2520e6be7b398b4b') in 0.033266 seconds
Number of updated asset objects reloaded before import = 0
Number of asset objects unloaded after import = 7
========================================================================
Received Import Request.
  Time since last request: 0.000045 seconds.
  path: Assets/RPG Monster DUO PBR Polyart/Scenes/PBR/StageMesh.prefab
  artifactKey: Guid(56dbe38adfb34b378b6283645e246a41) Importer(2089858483,0ecaa5967403d082aa24f35e1b516d23)
Start importing Assets/RPG Monster DUO PBR Polyart/Scenes/PBR/StageMesh.prefab using Guid(56dbe38adfb34b378b6283645e246a41) Importer(2089858483,0ecaa5967403d082aa24f35e1b516d23) Generated GUIDs only implemented for interfaces!
 -> (artifact id: 'd96af6b3fdee0f3d19cec8294bd83558') in 0.026978 seconds
Number of updated asset objects reloaded before import = 0
Number of asset objects unloaded after import = 7
========================================================================
Received Import Request.
  Time since last request: 0.000019 seconds.
  path: Assets/RPG Monster DUO PBR Polyart/Animations/TurtleShell/IdleNormal_TurtleShell_Anim.fbx
  artifactKey: Guid(1f583387dcc14604b6836cea4b8d68d0) Importer(2089858483,0ecaa5967403d082aa24f35e1b516d23)
Start importing Assets/RPG Monster DUO PBR Polyart/Animations/TurtleShell/IdleNormal_TurtleShell_Anim.fbx using Guid(1f583387dcc14604b6836cea4b8d68d0) Importer(2089858483,0ecaa5967403d082aa24f35e1b516d23) Generated GUIDs only implemented for interfaces!
 -> (artifact id: 'd992b23e092580b3dfa304957b601318') in 0.055133 seconds
Number of updated asset objects reloaded before import = 0
Number of asset objects unloaded after import = 71
========================================================================
Received Import Request.
  Time since last request: 0.000023 seconds.
  path: Assets/RPG Monster DUO PBR Polyart/Animations/TurtleShell/SenseSomethingRT_TurtleShell_Anim.fbx
  artifactKey: Guid(25c79772d5ff4896b07d0ddbcb0c9cd8) Importer(2089858483,0ecaa5967403d082aa24f35e1b516d23)
Start importing Assets/RPG Monster DUO PBR Polyart/Animations/TurtleShell/SenseSomethingRT_TurtleShell_Anim.fbx using Guid(25c79772d5ff4896b07d0ddbcb0c9cd8) Importer(2089858483,0ecaa5967403d082aa24f35e1b516d23) Generated GUIDs only implemented for interfaces!
 -> (artifact id: 'b1b6b0bf99d1a86961f401189c480ac9') in 0.058475 seconds
Number of updated asset objects reloaded before import = 0
Number of asset objects unloaded after import = 71
========================================================================
Received Import Request.
  Time since last request: 0.000029 seconds.
  path: Assets/RPG Monster DUO PBR Polyart/Animations/TurtleShell/IdleBattle_TurtleShell_Anim.fbx
  artifactKey: Guid(eee9d7beb7b440a58147d924f277c7ce) Importer(2089858483,0ecaa5967403d082aa24f35e1b516d23)
Start importing Assets/RPG Monster DUO PBR Polyart/Animations/TurtleShell/IdleBattle_TurtleShell_Anim.fbx using Guid(eee9d7beb7b440a58147d924f277c7ce) Importer(2089858483,0ecaa5967403d082aa24f35e1b516d23) Generated GUIDs only implemented for interfaces!
 -> (artifact id: '98ca9a974cea7ab50aeee130398d9140') in 0.056106 seconds
Number of updated asset objects reloaded before import = 0
Number of asset objects unloaded after import = 71
========================================================================
Received Import Request.
  Time since last request: 0.000017 seconds.
  path: Assets/Scripts/CollectedObjects/LevelDistance.cs
  artifactKey: Guid(898d9cd2a6607b4419d07d896108b603) Importer(2089858483,0ecaa5967403d082aa24f35e1b516d23)
Start importing Assets/Scripts/CollectedObjects/LevelDistance.cs using Guid(898d9cd2a6607b4419d07d896108b603) Importer(2089858483,0ecaa5967403d082aa24f35e1b516d23) Generated GUIDs only implemented for interfaces!
 -> (artifact id: 'ddfa2afb3e25645b2a90eef329816830') in 0.026795 seconds
Number of updated asset objects reloaded before import = 0
Number of asset objects unloaded after import = 1
========================================================================
Received Import Request.
  Time since last request: 0.000160 seconds.
  path: Assets/Textures/GoldCoin.png
  artifactKey: Guid(8b2b70964ec6feb40a847d3455754cb6) Importer(2089858483,0ecaa5967403d082aa24f35e1b516d23)
Start importing Assets/Textures/GoldCoin.png using Guid(8b2b70964ec6feb40a847d3455754cb6) Importer(2089858483,0ecaa5967403d082aa24f35e1b516d23) Generated GUIDs only implemented for interfaces!
 -> (artifact id: 'e3dba63fa69cdd5bf1cf2320ddb917a9') in 0.042159 seconds
Number of updated asset objects reloaded before import = 0
Number of asset objects unloaded after import = 1
========================================================================
Received Import Request.
  Time since last request: 0.000030 seconds.
  path: Assets/RPG Monster DUO PBR Polyart/Scenes/PBR/ReflectionProbe-0.exr
  artifactKey: Guid(b99d76b14cb6491aa1714c4286db931b) Importer(2089858483,0ecaa5967403d082aa24f35e1b516d23)
Start importing Assets/RPG Monster DUO PBR Polyart/Scenes/PBR/ReflectionProbe-0.exr using Guid(b99d76b14cb6491aa1714c4286db931b) Importer(2089858483,0ecaa5967403d082aa24f35e1b516d23) Generated GUIDs only implemented for interfaces!
 -> (artifact id: '6902093ec1e5cae538c2a59d30dddceb') in 0.065375 seconds
Number of updated asset objects reloaded before import = 0
Number of asset objects unloaded after import = 1
========================================================================
Received Import Request.
  Time since last request: 0.000030 seconds.
  path: Assets/Graphics/textures/Ch44_1002_Emissive.png
  artifactKey: Guid(25643ce4753f9144d953f91ad94f8a54) Importer(2089858483,0ecaa5967403d082aa24f35e1b516d23)
Start importing Assets/Graphics/textures/Ch44_1002_Emissive.png using Guid(25643ce4753f9144d953f91ad94f8a54) Importer(2089858483,0ecaa5967403d082aa24f35e1b516d23) Generated GUIDs only implemented for interfaces!
 -> (artifact id: '493462842ef8790e61f5bcd6f6071670') in 0.047167 seconds
Number of updated asset objects reloaded before import = 0
Number of asset objects unloaded after import = 1
========================================================================
Received Import Request.
  Time since last request: 0.000052 seconds.
  path: Assets/Graphics/Running.anim
  artifactKey: Guid(3d7c4f2ccd546134a9ae0df0075f6fe1) Importer(2089858483,0ecaa5967403d082aa24f35e1b516d23)
Start importing Assets/Graphics/Running.anim using Guid(3d7c4f2ccd546134a9ae0df0075f6fe1) Importer(2089858483,0ecaa5967403d082aa24f35e1b516d23) Generated GUIDs only implemented for interfaces!
 -> (artifact id: 'c9859e9ef8cf57ee8106f06a397ba7a8') in 0.041914 seconds
Number of updated asset objects reloaded before import = 0
Number of asset objects unloaded after import = 1
========================================================================
Received Import Request.
  Time since last request: 0.000043 seconds.
  path: Assets/LowPoly Environment Pack/Prefabs/Terrain_2.prefab
  artifactKey: Guid(ef140beec582a5a46a6362fcfc31784d) Importer(2089858483,0ecaa5967403d082aa24f35e1b516d23)
Start importing Assets/LowPoly Environment Pack/Prefabs/Terrain_2.prefab using Guid(ef140beec582a5a46a6362fcfc31784d) Importer(2089858483,0ecaa5967403d082aa24f35e1b516d23) Generated GUIDs only implemented for interfaces!
 -> (artifact id: '383ab0477b92fa5ecb234d251c0cc3e6') in 0.034762 seconds
Number of updated asset objects reloaded before import = 0
Number of asset objects unloaded after import = 8
========================================================================
Received Import Request.
  Time since last request: 0.000168 seconds.
  path: Assets/Audio/SFX/CrashThud.wav
  artifactKey: Guid(c8ed2392f4002814eb2a6e83c63ba0d8) Importer(2089858483,0ecaa5967403d082aa24f35e1b516d23)
Start importing Assets/Audio/SFX/CrashThud.wav using Guid(c8ed2392f4002814eb2a6e83c63ba0d8) Importer(2089858483,0ecaa5967403d082aa24f35e1b516d23) Generated GUIDs only implemented for interfaces!
 -> (artifact id: '2a9c1874035cd80582f43abb1e128324') in 0.100939 seconds
Number of updated asset objects reloaded before import = 0
Number of asset objects unloaded after import = 1
========================================================================
Received Import Request.
  Time since last request: 0.000018 seconds.
  path: Assets/Animations/FadeIn.controller
  artifactKey: Guid(83dcd889aa03be5449e598444cd6a76e) Importer(2089858483,0ecaa5967403d082aa24f35e1b516d23)
Start importing Assets/Animations/FadeIn.controller using Guid(83dcd889aa03be5449e598444cd6a76e) Importer(2089858483,0ecaa5967403d082aa24f35e1b516d23) Generated GUIDs only implemented for interfaces!
 -> (artifact id: '3386d4f822b4920700f421959b11adfe') in 0.016884 seconds
Number of updated asset objects reloaded before import = 0
Number of asset objects unloaded after import = 4
========================================================================
Received Import Request.
  Time since last request: 0.000075 seconds.
  path: Assets/RPG Monster DUO PBR Polyart/Animations/Slime/Walk_Slime_Anim.fbx
  artifactKey: Guid(5b283b002bf74fc4b827cc4e67b99155) Importer(2089858483,0ecaa5967403d082aa24f35e1b516d23)
Start importing Assets/RPG Monster DUO PBR Polyart/Animations/Slime/Walk_Slime_Anim.fbx using Guid(5b283b002bf74fc4b827cc4e67b99155) Importer(2089858483,0ecaa5967403d082aa24f35e1b516d23) Generated GUIDs only implemented for interfaces!
 -> (artifact id: '76a8c76eeb9efd6ea225332a61b7eaf5') in 0.052681 seconds
Number of updated asset objects reloaded before import = 0
Number of asset objects unloaded after import = 31
========================================================================
Received Import Request.
  Time since last request: 0.000062 seconds.
  path: Assets/LowPoly Environment Pack/Prefabs/Grass_2.prefab
  artifactKey: Guid(c04be9f92ebf58b46b2204ac3aaa8785) Importer(2089858483,0ecaa5967403d082aa24f35e1b516d23)
Start importing Assets/LowPoly Environment Pack/Prefabs/Grass_2.prefab using Guid(c04be9f92ebf58b46b2204ac3aaa8785) Importer(2089858483,0ecaa5967403d082aa24f35e1b516d23) Generated GUIDs only implemented for interfaces!
 -> (artifact id: '06458a1451b05b8e5cd94490584b7e10') in 0.036754 seconds
Number of updated asset objects reloaded before import = 0
Number of asset objects unloaded after import = 7
========================================================================
Received Import Request.
  Time since last request: 0.000031 seconds.
  path: Assets/LowPoly Environment Pack/FBX/Grass_1.fbx
  artifactKey: Guid(34dfeb3f659c70946a7698f1846d752b) Importer(2089858483,0ecaa5967403d082aa24f35e1b516d23)
Start importing Assets/LowPoly Environment Pack/FBX/Grass_1.fbx using Guid(34dfeb3f659c70946a7698f1846d752b) Importer(2089858483,0ecaa5967403d082aa24f35e1b516d23) Generated GUIDs only implemented for interfaces!
 -> (artifact id: 'd6b11bb1875e7816d7fa167b79e86df6') in 0.042230 seconds
Number of updated asset objects reloaded before import = 0
Number of asset objects unloaded after import = 7
========================================================================
Received Import Request.
  Time since last request: 0.000017 seconds.
  path: Assets/RPG Monster DUO PBR Polyart/Meshes/TurtleShellPolyartMesh.fbx
  artifactKey: Guid(942e6d5330e147fe84c5ab6ab2193ca1) Importer(2089858483,0ecaa5967403d082aa24f35e1b516d23)
Start importing Assets/RPG Monster DUO PBR Polyart/Meshes/TurtleShellPolyartMesh.fbx using Guid(942e6d5330e147fe84c5ab6ab2193ca1) Importer(2089858483,0ecaa5967403d082aa24f35e1b516d23) Generated GUIDs only implemented for interfaces!
 -> (artifact id: 'ecfbb833708c22dc583a13ecb13488a8') in 0.043752 seconds
Number of updated asset objects reloaded before import = 0
Number of asset objects unloaded after import = 70
========================================================================
Received Import Request.
  Time since last request: 0.000093 seconds.
  path: Assets/Audio/SFX/Ready.wav
  artifactKey: Guid(c93593b210566f842a9cf03e731a04c8) Importer(2089858483,0ecaa5967403d082aa24f35e1b516d23)
Start importing Assets/Audio/SFX/Ready.wav using Guid(c93593b210566f842a9cf03e731a04c8) Importer(2089858483,0ecaa5967403d082aa24f35e1b516d23) Generated GUIDs only implemented for interfaces!
 -> (artifact id: '4da468e4007ba8e47a9aa749b8ef7a8b') in 0.090652 seconds
Number of updated asset objects reloaded before import = 0
Number of asset objects unloaded after import = 1
========================================================================
Received Import Request.
  Time since last request: 0.000019 seconds.
  path: Assets/RPG Monster DUO PBR Polyart/Animations/Slime/Taunt_Slime_Anim.fbx
  artifactKey: Guid(3a16534b4b074acc99be2eec5ca12eeb) Importer(2089858483,0ecaa5967403d082aa24f35e1b516d23)
Start importing Assets/RPG Monster DUO PBR Polyart/Animations/Slime/Taunt_Slime_Anim.fbx using Guid(3a16534b4b074acc99be2eec5ca12eeb) Importer(2089858483,0ecaa5967403d082aa24f35e1b516d23) Generated GUIDs only implemented for interfaces!
 -> (artifact id: '1c31691b6aae40c6bf5c7da7871ed611') in 0.051647 seconds
Number of updated asset objects reloaded before import = 0
Number of asset objects unloaded after import = 31
========================================================================
Received Import Request.
  Time since last request: 0.000019 seconds.
  path: Assets/RPG Monster DUO PBR Polyart/Animations/Slime/WalkBack_Slime_Anim.fbx
  artifactKey: Guid(1707f5753277428e8aeacdb11004a50b) Importer(2089858483,0ecaa5967403d082aa24f35e1b516d23)
Start importing Assets/RPG Monster DUO PBR Polyart/Animations/Slime/WalkBack_Slime_Anim.fbx using Guid(1707f5753277428e8aeacdb11004a50b) Importer(2089858483,0ecaa5967403d082aa24f35e1b516d23) Generated GUIDs only implemented for interfaces!
 -> (artifact id: '232b5f79a7acca83a7cc06f25f0b0384') in 0.054442 seconds
Number of updated asset objects reloaded before import = 0
Number of asset objects unloaded after import = 31
========================================================================
Received Import Request.
  Time since last request: 0.000027 seconds.
  path: Assets/RPG Monster DUO PBR Polyart/Animations/TurtleShell/SenseSomethingStart_TurtleShell_Anim.fbx
  artifactKey: Guid(d005e95bf0134a26ad4ed5c5b36201ce) Importer(2089858483,0ecaa5967403d082aa24f35e1b516d23)
Start importing Assets/RPG Monster DUO PBR Polyart/Animations/TurtleShell/SenseSomethingStart_TurtleShell_Anim.fbx using Guid(d005e95bf0134a26ad4ed5c5b36201ce) Importer(2089858483,0ecaa5967403d082aa24f35e1b516d23) Generated GUIDs only implemented for interfaces!
 -> (artifact id: 'fe4833916d17495e22be19be97a6258a') in 0.058040 seconds
Number of updated asset objects reloaded before import = 0
Number of asset objects unloaded after import = 71
========================================================================
Received Import Request.
  Time since last request: 0.000034 seconds.
  path: Assets/RPG Monster DUO PBR Polyart/Animations/Slime/Dizzy_Slime_Anim.fbx
  artifactKey: Guid(27743490eac74431aeb32e3ceedbeb42) Importer(2089858483,0ecaa5967403d082aa24f35e1b516d23)
Start importing Assets/RPG Monster DUO PBR Polyart/Animations/Slime/Dizzy_Slime_Anim.fbx using Guid(27743490eac74431aeb32e3ceedbeb42) Importer(2089858483,0ecaa5967403d082aa24f35e1b516d23) Generated GUIDs only implemented for interfaces!
 -> (artifact id: 'ba8a010f2655e9523b45c80af646186c') in 0.054347 seconds
Number of updated asset objects reloaded before import = 0
Number of asset objects unloaded after import = 31
========================================================================
Received Import Request.
  Time since last request: 0.000018 seconds.
  path: Assets/RPG Monster DUO PBR Polyart/Scenes/PBR/Sub Light.prefab
  artifactKey: Guid(37f2264ecfa34be2af8d775d18a37aad) Importer(2089858483,0ecaa5967403d082aa24f35e1b516d23)
Start importing Assets/RPG Monster DUO PBR Polyart/Scenes/PBR/Sub Light.prefab using Guid(37f2264ecfa34be2af8d775d18a37aad) Importer(2089858483,0ecaa5967403d082aa24f35e1b516d23) Generated GUIDs only implemented for interfaces!
 -> (artifact id: 'b6ad0ff45d59b9419e07d9e8bc73b765') in 0.044641 seconds
Number of updated asset objects reloaded before import = 0
Number of asset objects unloaded after import = 5
========================================================================
Received Import Request.
  Time since last request: 0.000020 seconds.
  path: Assets/Graphics/Running.dae
  artifactKey: Guid(45e65fe94b8dc5247a95feeac7047734) Importer(2089858483,0ecaa5967403d082aa24f35e1b516d23)
Start importing Assets/Graphics/Running.dae using Guid(45e65fe94b8dc5247a95feeac7047734) Importer(2089858483,0ecaa5967403d082aa24f35e1b516d23) Generated GUIDs only implemented for interfaces!
 -> (artifact id: '7f9bf8e1f0f29ead43691e330db86db0') in 0.076990 seconds
Number of updated asset objects reloaded before import = 0
Number of asset objects unloaded after import = 145
========================================================================
Received Import Request.
  Time since last request: 0.000029 seconds.
  path: Assets/Graphics/textures/Ch44_1002_Diffuse.png
  artifactKey: Guid(5fe28c9f80e53ac4fa7f5e2399ce54ce) Importer(2089858483,0ecaa5967403d082aa24f35e1b516d23)
Start importing Assets/Graphics/textures/Ch44_1002_Diffuse.png using Guid(5fe28c9f80e53ac4fa7f5e2399ce54ce) Importer(2089858483,0ecaa5967403d082aa24f35e1b516d23) Generated GUIDs only implemented for interfaces!
 -> (artifact id: '341581c019306622829c0a999e25b2b9') in 0.055789 seconds
Number of updated asset objects reloaded before import = 0
Number of asset objects unloaded after import = 1
========================================================================
Received Import Request.
  Time since last request: 0.000027 seconds.
  path: Assets/LowPoly Environment Pack/FBX/Materials/Yellow.1.mat
  artifactKey: Guid(a13e4ebaa5a967d44b6836ec8e9e2f89) Importer(2089858483,0ecaa5967403d082aa24f35e1b516d23)
Start importing Assets/LowPoly Environment Pack/FBX/Materials/Yellow.1.mat using Guid(a13e4ebaa5a967d44b6836ec8e9e2f89) Importer(2089858483,0ecaa5967403d082aa24f35e1b516d23) Generated GUIDs only implemented for interfaces!
 -> (artifact id: '1489f47b255d14433699be8d3d0abb12') in 0.039106 seconds
Number of updated asset objects reloaded before import = 0
Number of asset objects unloaded after import = 1
========================================================================
Received Import Request.
  Time since last request: 0.000032 seconds.
  path: Assets/Audio/SFX/CoinSFX.wav
  artifactKey: Guid(960e78d170d7fda4c8e96b4a4a43badc) Importer(2089858483,0ecaa5967403d082aa24f35e1b516d23)
Start importing Assets/Audio/SFX/CoinSFX.wav using Guid(960e78d170d7fda4c8e96b4a4a43badc) Importer(2089858483,0ecaa5967403d082aa24f35e1b516d23) Generated GUIDs only implemented for interfaces!
 -> (artifact id: '9bf85da7cee6d971907d59de87e38ea8') in 0.096502 seconds
Number of updated asset objects reloaded before import = 0
Number of asset objects unloaded after import = 1
========================================================================
Received Import Request.
  Time since last request: 0.000080 seconds.
  path: Assets/LowPoly Environment Pack/FBX/Materials/Brown.2.mat
  artifactKey: Guid(f7c2deb7be33c61418c105b4da4da2d8) Importer(2089858483,0ecaa5967403d082aa24f35e1b516d23)
Start importing Assets/LowPoly Environment Pack/FBX/Materials/Brown.2.mat using Guid(f7c2deb7be33c61418c105b4da4da2d8) Importer(2089858483,0ecaa5967403d082aa24f35e1b516d23) Generated GUIDs only implemented for interfaces!
 -> (artifact id: 'a581d6469f5ae83ddaf681f06d9971a6') in 0.022253 seconds
Number of updated asset objects reloaded before import = 0
Number of asset objects unloaded after import = 1
========================================================================
Received Import Request.
  Time since last request: 0.000049 seconds.
  path: Assets/RPG Monster DUO PBR Polyart/Animations/Slime/WalkLeft_Slime_Anim.fbx
  artifactKey: Guid(4f0bc31a941d479d89108cd15f84f761) Importer(2089858483,0ecaa5967403d082aa24f35e1b516d23)
Start importing Assets/RPG Monster DUO PBR Polyart/Animations/Slime/WalkLeft_Slime_Anim.fbx using Guid(4f0bc31a941d479d89108cd15f84f761) Importer(2089858483,0ecaa5967403d082aa24f35e1b516d23) Generated GUIDs only implemented for interfaces!
 -> (artifact id: 'c29f94a91d4fc034b3daa2239afc3709') in 0.051735 seconds
Number of updated asset objects reloaded before import = 0
Number of asset objects unloaded after import = 31
========================================================================
Received Import Request.
  Time since last request: 0.000020 seconds.
  path: Assets/Graphics/Ch44_nonPBR@Jumping.fbx
  artifactKey: Guid(db4f484594330e9439eb8c2d1c5b6f27) Importer(2089858483,0ecaa5967403d082aa24f35e1b516d23)
Start importing Assets/Graphics/Ch44_nonPBR@Jumping.fbx using Guid(db4f484594330e9439eb8c2d1c5b6f27) Importer(2089858483,0ecaa5967403d082aa24f35e1b516d23) Generated GUIDs only implemented for interfaces!
 -> (artifact id: '75901872ac9e8c607ea6f51ce6af3f27') in 0.056056 seconds
Number of updated asset objects reloaded before import = 0
Number of asset objects unloaded after import = 135
========================================================================
Received Import Request.
  Time since last request: 0.000035 seconds.
  path: Assets/LowPoly Environment Pack/Prefabs/Bush_2.prefab
  artifactKey: Guid(0de8a3d472546b04aa775e83b052764e) Importer(2089858483,0ecaa5967403d082aa24f35e1b516d23)
Start importing Assets/LowPoly Environment Pack/Prefabs/Bush_2.prefab using Guid(0de8a3d472546b04aa775e83b052764e) Importer(2089858483,0ecaa5967403d082aa24f35e1b516d23) Generated GUIDs only implemented for interfaces!
 -> (artifact id: '848d77272d3065e795a7fd17a505ba1e') in 0.027524 seconds
Number of updated asset objects reloaded before import = 0
Number of asset objects unloaded after import = 7
========================================================================
Received Import Request.
  Time since last request: 0.000059 seconds.
  path: Assets/RPG Monster DUO PBR Polyart/Scenes/PBR.unity
  artifactKey: Guid(13194c91f26442f7a93f6cdfa7d9ce8f) Importer(2089858483,0ecaa5967403d082aa24f35e1b516d23)
Start importing Assets/RPG Monster DUO PBR Polyart/Scenes/PBR.unity using Guid(13194c91f26442f7a93f6cdfa7d9ce8f) Importer(2089858483,0ecaa5967403d082aa24f35e1b516d23) Generated GUIDs only implemented for interfaces!
 -> (artifact id: '196546628ee7c4d642c592eaab2f0239') in 0.025347 seconds
Number of updated asset objects reloaded before import = 0
Number of asset objects unloaded after import = 1
========================================================================
Received Import Request.
  Time since last request: 0.000018 seconds.
  path: Assets/LowPoly Environment Pack/Prefabs/Rock_4.prefab
  artifactKey: Guid(836ca07fc69b4184ca14265c7d24030d) Importer(2089858483,0ecaa5967403d082aa24f35e1b516d23)
Start importing Assets/LowPoly Environment Pack/Prefabs/Rock_4.prefab using Guid(836ca07fc69b4184ca14265c7d24030d) Importer(2089858483,0ecaa5967403d082aa24f35e1b516d23) Generated GUIDs only implemented for interfaces!
 -> (artifact id: '7a02f6bc673a00c4fe622076f8121a8e') in 0.033668 seconds
Number of updated asset objects reloaded before import = 0
Number of asset objects unloaded after import = 8
========================================================================
Received Import Request.
  Time since last request: 0.000068 seconds.
  path: Assets/LowPoly Environment Pack/FBX/Terrain_1.fbx
  artifactKey: Guid(dcf51a1e867a87e4596f1c757cbdb947) Importer(2089858483,0ecaa5967403d082aa24f35e1b516d23)
Start importing Assets/LowPoly Environment Pack/FBX/Terrain_1.fbx using Guid(dcf51a1e867a87e4596f1c757cbdb947) Importer(2089858483,0ecaa5967403d082aa24f35e1b516d23) Generated GUIDs only implemented for interfaces!
 -> (artifact id: '0e57e07a4ea56e04d32badea040231af') in 0.036924 seconds
Number of updated asset objects reloaded before import = 0
Number of asset objects unloaded after import = 7
========================================================================
Received Import Request.
  Time since last request: 0.000072 seconds.
  path: Assets/Scripts/Environment/FadeOut.controller
  artifactKey: Guid(d9c63501e6b9195468c6ddc646718e59) Importer(2089858483,0ecaa5967403d082aa24f35e1b516d23)
Start importing Assets/Scripts/Environment/FadeOut.controller using Guid(d9c63501e6b9195468c6ddc646718e59) Importer(2089858483,0ecaa5967403d082aa24f35e1b516d23) Generated GUIDs only implemented for interfaces!
 -> (artifact id: 'ba59bfbd1ea50cc55fd209ebc06a3805') in 0.015628 seconds
Number of updated asset objects reloaded before import = 0
Number of asset objects unloaded after import = 4
========================================================================
Received Import Request.
  Time since last request: 0.000062 seconds.
  path: Assets/RPG Monster DUO PBR Polyart/Animations/TurtleShell/Walk_TurtleShell_Anim.fbx
  artifactKey: Guid(70329e6db728412fb2a6e0371aaaa001) Importer(2089858483,0ecaa5967403d082aa24f35e1b516d23)
Start importing Assets/RPG Monster DUO PBR Polyart/Animations/TurtleShell/Walk_TurtleShell_Anim.fbx using Guid(70329e6db728412fb2a6e0371aaaa001) Importer(2089858483,0ecaa5967403d082aa24f35e1b516d23) Generated GUIDs only implemented for interfaces!
 -> (artifact id: '90b43ad3515f57dbc18aa6ff1c9ecf69') in 0.077366 seconds
Number of updated asset objects reloaded before import = 0
Number of asset objects unloaded after import = 71
========================================================================
Received Import Request.
  Time since last request: 0.000030 seconds.
  path: Assets/RPG Monster DUO PBR Polyart/Animations/TurtleShell/Dizzy_TurtleShell_Anim.fbx
  artifactKey: Guid(b8f24610a85e4499be98bd4a920da37e) Importer(2089858483,0ecaa5967403d082aa24f35e1b516d23)
Start importing Assets/RPG Monster DUO PBR Polyart/Animations/TurtleShell/Dizzy_TurtleShell_Anim.fbx using Guid(b8f24610a85e4499be98bd4a920da37e) Importer(2089858483,0ecaa5967403d082aa24f35e1b516d23) Generated GUIDs only implemented for interfaces!
 -> (artifact id: '4f4f2bd9d1eb61fe030b6d9ae3131a94') in 0.054235 seconds
Number of updated asset objects reloaded before import = 0
Number of asset objects unloaded after import = 71
========================================================================
Received Import Request.
  Time since last request: 0.000140 seconds.
  path: Assets/LowPoly Environment Pack/Demo/Scene 3/PPS Demo 3.asset
  artifactKey: Guid(b2efb2e5ea2c77f489248d9683783f1e) Importer(2089858483,0ecaa5967403d082aa24f35e1b516d23)
Start importing Assets/LowPoly Environment Pack/Demo/Scene 3/PPS Demo 3.asset using Guid(b2efb2e5ea2c77f489248d9683783f1e) Importer(2089858483,0ecaa5967403d082aa24f35e1b516d23) Generated GUIDs only implemented for interfaces!
 -> (artifact id: '7d457f627e8824b0a519a4f2f57ebfa4') in 0.026106 seconds
Number of updated asset objects reloaded before import = 0
Number of asset objects unloaded after import = 1
========================================================================
Received Import Request.
  Time since last request: 0.000018 seconds.
  path: Assets/LowPoly Environment Pack/Prefabs/Tree_2.prefab
  artifactKey: Guid(dc00aab85b301f242896a77c4b442ec0) Importer(2089858483,0ecaa5967403d082aa24f35e1b516d23)
Start importing Assets/LowPoly Environment Pack/Prefabs/Tree_2.prefab using Guid(dc00aab85b301f242896a77c4b442ec0) Importer(2089858483,0ecaa5967403d082aa24f35e1b516d23) Generated GUIDs only implemented for interfaces!
 -> (artifact id: 'fbb637c0a838077b9501cbe1fefffee2') in 0.037825 seconds
Number of updated asset objects reloaded before import = 0
Number of asset objects unloaded after import = 36
========================================================================
Received Import Request.
  Time since last request: 0.000020 seconds.
  path: Assets/LowPoly Environment Pack/Prefabs/Tree_1.prefab
  artifactKey: Guid(c7821bc923171f24094e69062402d005) Importer(2089858483,0ecaa5967403d082aa24f35e1b516d23)
Start importing Assets/LowPoly Environment Pack/Prefabs/Tree_1.prefab using Guid(c7821bc923171f24094e69062402d005) Importer(2089858483,0ecaa5967403d082aa24f35e1b516d23) Generated GUIDs only implemented for interfaces!
 -> (artifact id: '5fc9660bd7498cb643cd1ac9f0e9e758') in 0.022880 seconds
Number of updated asset objects reloaded before import = 0
Number of asset objects unloaded after import = 26
========================================================================
Received Import Request.
  Time since last request: 0.000022 seconds.
  path: Assets/LowPoly Environment Pack/FBX/Materials/Green.1.mat
  artifactKey: Guid(05c3b35dce48bfb44a9ce93ae526df18) Importer(2089858483,0ecaa5967403d082aa24f35e1b516d23)
Start importing Assets/LowPoly Environment Pack/FBX/Materials/Green.1.mat using Guid(05c3b35dce48bfb44a9ce93ae526df18) Importer(2089858483,0ecaa5967403d082aa24f35e1b516d23) Generated GUIDs only implemented for interfaces!
 -> (artifact id: '7e5f248f71b9d1c9b937ea411ee0a269') in 0.038750 seconds
Number of updated asset objects reloaded before import = 0
Number of asset objects unloaded after import = 1
========================================================================
Received Import Request.
  Time since last request: 0.000021 seconds.
  path: Assets/LowPoly Environment Pack/Prefabs/Log_1.prefab
  artifactKey: Guid(0761e9c9debdfd34fa20f5859c6f08ff) Importer(2089858483,0ecaa5967403d082aa24f35e1b516d23)
Start importing Assets/LowPoly Environment Pack/Prefabs/Log_1.prefab using Guid(0761e9c9debdfd34fa20f5859c6f08ff) Importer(2089858483,0ecaa5967403d082aa24f35e1b516d23) Generated GUIDs only implemented for interfaces!
 -> (artifact id: '2322a088db1f5d4f64413520317c305d') in 0.032683 seconds
Number of updated asset objects reloaded before import = 0
Number of asset objects unloaded after import = 7
========================================================================
Received Import Request.
  Time since last request: 0.000046 seconds.
  path: Assets/LowPoly Environment Pack/FBX/Log_3.fbx
  artifactKey: Guid(afd0b1f883c32e241806a5fdf70cb47a) Importer(2089858483,0ecaa5967403d082aa24f35e1b516d23)
Start importing Assets/LowPoly Environment Pack/FBX/Log_3.fbx using Guid(afd0b1f883c32e241806a5fdf70cb47a) Importer(2089858483,0ecaa5967403d082aa24f35e1b516d23) Generated GUIDs only implemented for interfaces!
 -> (artifact id: '9da67786025650c6407325399ec044cf') in 0.036395 seconds
Number of updated asset objects reloaded before import = 0
Number of asset objects unloaded after import = 7
========================================================================
Received Import Request.
  Time since last request: 0.000024 seconds.
  path: Assets/LowPoly Environment Pack/FBX/Tree_2.fbx
  artifactKey: Guid(24a759921bedc2541881a0535a7bfcc8) Importer(2089858483,0ecaa5967403d082aa24f35e1b516d23)
Start importing Assets/LowPoly Environment Pack/FBX/Tree_2.fbx using Guid(24a759921bedc2541881a0535a7bfcc8) Importer(2089858483,0ecaa5967403d082aa24f35e1b516d23) Generated GUIDs only implemented for interfaces!
 -> (artifact id: 'ba9cc788633c94d2087b05ec75cf4940') in 0.046798 seconds
Number of updated asset objects reloaded before import = 0
Number of asset objects unloaded after import = 36
========================================================================
Received Import Request.
  Time since last request: 0.000036 seconds.
  path: Assets/LowPoly Environment Pack/FBX/Materials/Purple.1.mat
  artifactKey: Guid(f9e8a256b2e009743bcefbdabbb05382) Importer(2089858483,0ecaa5967403d082aa24f35e1b516d23)
Start importing Assets/LowPoly Environment Pack/FBX/Materials/Purple.1.mat using Guid(f9e8a256b2e009743bcefbdabbb05382) Importer(2089858483,0ecaa5967403d082aa24f35e1b516d23) Generated GUIDs only implemented for interfaces!
 -> (artifact id: '27a5648c3bdb0108afa947e29bf151e7') in 0.015752 seconds
Number of updated asset objects reloaded before import = 0
Number of asset objects unloaded after import = 1
========================================================================
Received Import Request.
  Time since last request: 0.000036 seconds.
  path: Assets/LowPoly Environment Pack/Prefabs/Plant_2.prefab
  artifactKey: Guid(4dcb45769932d8b449fc6523626179be) Importer(2089858483,0ecaa5967403d082aa24f35e1b516d23)
Start importing Assets/LowPoly Environment Pack/Prefabs/Plant_2.prefab using Guid(4dcb45769932d8b449fc6523626179be) Importer(2089858483,0ecaa5967403d082aa24f35e1b516d23) Generated GUIDs only implemented for interfaces!
 -> (artifact id: '637a178ee65a810b62659d357c41048b') in 0.039514 seconds
Number of updated asset objects reloaded before import = 0
Number of asset objects unloaded after import = 7
========================================================================
Received Import Request.
  Time since last request: 0.000020 seconds.
  path: Assets/RPG Monster DUO PBR Polyart/Prefabs/PolyartDefault/TurtleShellPolyart.prefab
  artifactKey: Guid(24a0663f813d4beb91fc0c6b1e8fef36) Importer(2089858483,0ecaa5967403d082aa24f35e1b516d23)
Start importing Assets/RPG Monster DUO PBR Polyart/Prefabs/PolyartDefault/TurtleShellPolyart.prefab using Guid(24a0663f813d4beb91fc0c6b1e8fef36) Importer(2089858483,0ecaa5967403d082aa24f35e1b516d23) Generated GUIDs only implemented for interfaces!
 -> (artifact id: 'a28b7879fc7ab3f51c4d20c94c764121') in 0.054001 seconds
Number of updated asset objects reloaded before import = 0
Number of asset objects unloaded after import = 127
========================================================================
Received Import Request.
  Time since last request: 0.000030 seconds.
  path: Assets/LowPoly Environment Pack/FBX/Tree_3.fbx
  artifactKey: Guid(9fae9f7a7664c4c47a4fd4e9eedf6d6c) Importer(2089858483,0ecaa5967403d082aa24f35e1b516d23)
Start importing Assets/LowPoly Environment Pack/FBX/Tree_3.fbx using Guid(9fae9f7a7664c4c47a4fd4e9eedf6d6c) Importer(2089858483,0ecaa5967403d082aa24f35e1b516d23) Generated GUIDs only implemented for interfaces!
 -> (artifact id: 'c49906ecb1efaecc3652891d963d8b75') in 0.040427 seconds
Number of updated asset objects reloaded before import = 0
Number of asset objects unloaded after import = 41
========================================================================
Received Import Request.
  Time since last request: 0.000135 seconds.
  path: Assets/LowPoly Environment Pack/FBX/Environment_1.fbx
  artifactKey: Guid(a9a560b7bc05a6a46978b53fe4b40f49) Importer(2089858483,0ecaa5967403d082aa24f35e1b516d23)
Start importing Assets/LowPoly Environment Pack/FBX/Environment_1.fbx using Guid(a9a560b7bc05a6a46978b53fe4b40f49) Importer(2089858483,0ecaa5967403d082aa24f35e1b516d23) Generated GUIDs only implemented for interfaces!
 -> (artifact id: '104cca1d50c1857affdd02cb3e2caa0d') in 0.027681 seconds
Number of updated asset objects reloaded before import = 0
Number of asset objects unloaded after import = 7
